SF:lib/src/cubit/chatbot_cubit.dart
DA:21,0
DA:22,0
DA:25,1
DA:26,3
DA:27,3
DA:31,1
DA:35,2
DA:36,2
DA:37,0
DA:38,0
DA:39,0
DA:40,0
DA:42,2
DA:43,0
DA:44,0
DA:45,0
DA:47,0
DA:48,0
DA:53,2
DA:56,1
DA:57,2
DA:60,1
DA:61,3
DA:62,1
DA:63,1
DA:64,2
DA:69,1
DA:70,3
DA:71,1
DA:73,1
DA:74,2
DA:78,1
DA:79,1
DA:80,1
DA:82,1
DA:83,1
DA:84,1
DA:91,1
DA:92,2
DA:93,1
DA:94,1
DA:95,1
DA:96,2
DA:99,1
DA:100,1
DA:101,1
DA:105,2
DA:106,1
DA:108,1
DA:109,2
DA:110,1
DA:116,1
DA:117,2
DA:118,1
DA:119,1
DA:120,1
DA:121,2
DA:125,2
DA:126,1
DA:128,1
DA:129,2
DA:130,1
DA:135,1
DA:140,3
DA:141,2
DA:142,2
DA:143,1
DA:145,1
DA:146,1
DA:149,1
LF:70
LH:59
end_of_record
SF:lib/src/cubit/chatbot_state.dart
DA:6,1
DA:7,2
DA:15,1
DA:17,1
DA:18,3
LF:5
LH:5
end_of_record
SF:lib/src/models/api/etiya_message_request.dart
DA:4,1
DA:8,0
DA:12,1
DA:24,0
DA:25,0
DA:26,0
DA:27,0
DA:28,0
LF:8
LH:2
end_of_record
SF:lib/src/models/etiya_carousel_item.dart
DA:10,0
DA:15,0
LF:2
LH:0
end_of_record
SF:lib/src/models/etiya_quick_reply.dart
DA:8,1
DA:12,0
LF:2
LH:1
end_of_record
SF:lib/src/repositories/http/http_client_repository.dart
DA:12,0
DA:33,0
DA:37,0
DA:39,0
DA:41,0
DA:44,0
DA:46,0
DA:51,0
DA:55,0
DA:58,0
DA:62,0
DA:64,0
DA:66,0
DA:69,0
DA:72,0
DA:73,0
DA:75,0
DA:76,0
DA:77,0
DA:78,0
DA:79,0
DA:82,0
DA:83,0
DA:88,0
DA:94,0
DA:96,0
DA:97,0
DA:98,0
DA:101,0
DA:103,0
DA:104,0
DA:106,0
DA:107,0
DA:111,0
LF:34
LH:0
end_of_record
SF:lib/src/repositories/socket_repository.dart
DA:8,4
DA:10,1
DA:32,1
DA:36,1
DA:42,1
DA:45,1
LF:6
LH:6
end_of_record
SF:lib/src/etiya_chatbot.dart
DA:15,0
DA:19,0
DA:20,0
DA:21,0
DA:22,0
DA:23,0
DA:24,0
DA:25,0
DA:48,1
DA:53,1
DA:57,0
DA:58,0
DA:63,0
DA:64,0
DA:69,0
DA:70,0
DA:75,0
DA:76,0
DA:81,0
DA:82,0
DA:88,1
DA:93,0
LF:22
LH:3
end_of_record
SF:lib/src/models/api/etiya_message_response.dart
DA:4,0
DA:29,0
DA:30,0
DA:31,0
DA:32,0
DA:34,0
DA:35,0
DA:36,0
DA:38,0
DA:39,0
DA:41,0
DA:42,0
DA:43,0
DA:44,0
DA:46,0
DA:49,0
DA:50,0
DA:51,0
DA:52,0
DA:53,0
DA:54,0
DA:55,0
DA:56,0
DA:57,0
DA:58,0
DA:61,0
DA:62,0
DA:63,0
DA:66,0
DA:68,0
DA:73,0
DA:87,0
DA:88,0
DA:89,0
DA:91,0
DA:92,0
DA:93,0
DA:94,0
DA:97,0
DA:98,0
DA:99,0
DA:100,0
DA:101,0
DA:102,0
DA:107,0
DA:117,0
DA:118,0
DA:119,0
DA:121,0
DA:122,0
DA:124,0
DA:127,0
DA:128,0
DA:129,0
DA:130,0
DA:135,0
DA:153,0
DA:154,0
DA:155,0
DA:156,0
DA:157,0
DA:158,0
DA:159,0
DA:160,0
DA:163,0
DA:164,0
DA:165,0
DA:166,0
DA:167,0
DA:168,0
DA:169,0
DA:170,0
DA:176,0
DA:183,0
DA:184,0
DA:185,0
DA:187,0
DA:188,0
DA:189,0
DA:192,0
DA:193,0
DA:196,0
DA:197,0
DA:198,0
DA:199,0
DA:200,0
DA:206,0
DA:216,0
DA:217,0
DA:218,0
DA:219,0
DA:222,0
DA:223,0
DA:228,1
DA:233,0
DA:234,0
DA:235,0
DA:238,0
DA:242,0
DA:260,0
DA:261,0
DA:262,0
DA:263,0
DA:264,0
DA:266,0
DA:267,0
DA:268,0
DA:271,0
DA:273,0
DA:274,0
DA:275,0
DA:278,0
DA:279,0
DA:282,0
DA:283,0
DA:284,0
DA:285,0
DA:286,0
DA:287,0
DA:288,0
DA:289,0
DA:294,1
DA:308,1
DA:324,0
DA:325,0
DA:327,0
DA:331,0
DA:332,0
DA:333,0
DA:334,0
DA:335,0
DA:336,0
DA:337,0
DA:338,0
DA:339,0
DA:340,0
DA:341,0
DA:342,0
DA:344,0
DA:345,0
DA:346,0
DA:349,0
DA:350,0
DA:351,0
DA:352,0
DA:353,0
DA:354,0
DA:355,0
DA:356,0
DA:357,0
DA:358,0
DA:359,0
DA:360,0
DA:361,0
DA:362,0
LF:155
LH:3
end_of_record
SF:lib/src/models/etiya_chat_message.dart
DA:17,1
DA:22,1
DA:31,0
DA:32,0
DA:33,0
DA:34,0
DA:35,0
DA:36,0
DA:37,0
DA:38,0
DA:42,0
DA:43,0
DA:48,0
DA:49,0
DA:50,0
DA:52,0
DA:53,0
DA:54,0
DA:55,0
DA:58,0
DA:59,0
DA:60,0
DA:61,0
DA:62,0
DA:64,0
DA:65,0
DA:73,0
DA:74,0
DA:78,0
DA:82,0
DA:83,0
DA:84,0
DA:85,0
DA:87,0
DA:88,0
DA:98,0
DA:99,0
DA:100,0
DA:104,0
DA:105,0
DA:106,0
DA:107,0
DA:108,0
DA:110,0
DA:111,0
DA:112,0
DA:113,0
DA:114,0
DA:116,0
DA:118,0
DA:121,0
DA:124,0
DA:126,0
DA:127,0
DA:131,0
DA:136,0
DA:137,0
DA:138,0
DA:140,0
DA:141,0
DA:145,0
DA:146,0
DA:154,0
LF:63
LH:2
end_of_record
SF:lib/src/util/logger.dart
DA:5,0
DA:7,0
DA:9,0
DA:12,0
DA:14,0
LF:5
LH:0
end_of_record
SF:lib/src/di/setup_locator.dart
DA:12,0
DA:14,0
DA:17,0
DA:18,0
DA:20,0
DA:21,0
DA:22,0
DA:24,0
DA:27,0
DA:28,0
DA:29,0
DA:33,0
DA:34,0
DA:35,0
DA:37,0
DA:38,0
DA:40,0
DA:41,0
DA:43,0
DA:44,0
LF:20
LH:0
end_of_record
SF:lib/src/repositories/device_id_repository.dart
DA:10,0
DA:11,0
DA:16,0
DA:18,0
DA:19,0
DA:21,0
DA:22,0
LF:7
LH:0
end_of_record
SF:lib/src/repositories/socket_repository_impl.dart
DA:8,0
DA:12,0
DA:18,0
DA:20,0
DA:21,0
DA:22,0
DA:23,0
DA:24,0
DA:25,0
DA:27,0
DA:28,0
DA:29,0
DA:31,0
DA:32,0
DA:34,0
DA:35,0
DA:38,0
DA:39,0
DA:40,0
DA:43,0
DA:45,0
DA:46,0
DA:47,0
LF:23
LH:0
end_of_record
SF:lib/src/ui/etiya_chat_widget.dart
DA:14,1
DA:16,0
DA:17,0
DA:23,0
DA:25,0
DA:26,0
DA:29,0
DA:31,0
DA:32,0
DA:33,0
DA:34,0
DA:37,0
DA:38,0
DA:39,0
DA:40,0
DA:41,0
DA:43,0
DA:44,0
DA:45,0
DA:46,0
DA:49,0
DA:50,0
DA:51,0
DA:52,0
DA:59,0
DA:60,0
DA:63,0
DA:64,0
DA:66,0
DA:67,0
DA:68,0
DA:70,0
DA:71,0
DA:79,0
DA:80,0
DA:81,0
DA:82,0
DA:85,0
DA:87,0
DA:88,0
DA:92,0
DA:93,0
DA:98,0
DA:99,0
DA:100,0
DA:102,0
DA:105,0
DA:106,0
DA:107,0
DA:108,0
DA:109,0
DA:110,0
DA:111,0
DA:112,0
DA:115,0
DA:116,0
DA:118,0
DA:119,0
DA:121,0
DA:125,0
DA:126,0
DA:129,0
LF:62
LH:1
end_of_record
SF:lib/src/extensions/string_extensions.dart
DA:2,0
DA:3,0
LF:2
LH:0
end_of_record
SF:lib/src/models/etiya_login_message_kind.dart
DA:4,0
LF:1
LH:0
end_of_record
SF:lib/src/ui/etiya_message_input.dart
DA:7,0
DA:11,0
DA:18,0
DA:20,0
DA:33,0
DA:34,0
DA:35,0
DA:36,0
DA:37,0
DA:38,0
DA:39,0
DA:41,0
DA:42,0
DA:53,0
DA:54,0
DA:55,0
DA:59,0
DA:60,0
DA:63,0
DA:64,0
DA:71,0
DA:72,0
DA:73,0
DA:74,0
LF:24
LH:0
end_of_record
SF:lib/src/ui/image_viewer.dart
DA:5,0
DA:9,0
DA:14,0
DA:16,0
DA:17,0
DA:20,0
DA:21,0
DA:22,0
DA:23,0
DA:24,0
DA:25,0
DA:34,0
DA:35,0
DA:36,0
LF:14
LH:0
end_of_record
SF:lib/src/ui/login_sheet.dart
DA:4,0
DA:5,0
DA:7,0
DA:12,1
DA:14,0
DA:16,0
DA:17,0
DA:26,0
DA:28,0
DA:29,0
DA:31,0
DA:32,0
DA:33,0
DA:34,0
DA:35,0
DA:37,0
DA:38,0
DA:40,0
DA:54,0
DA:55,0
DA:57,0
DA:60,0
DA:61,0
DA:65,0
DA:66,0
DA:67,0
DA:69,0
DA:70,0
DA:71,0
DA:78,0
DA:82,0
DA:83,0
DA:85,0
DA:86,0
DA:87,0
DA:88,0
DA:89,0
DA:90,0
DA:114,0
DA:118,0
DA:123,0
DA:125,0
LF:42
LH:1
end_of_record
